<?xml version="1.0" encoding="UTF-8"?>
<!-- Generated by org.testng.reporters.JUnitReportReporter -->
<testsuite skipped="0" hostname="madhurim-w10lt" name="com.testCases.Test_3_ValidateSubmittingApllicationWithoutFillingMandatoryDetails" tests="1" failures="0" timestamp="02 Sep 2022 14:29:30 GMT" time="29.913" errors="0">
  <testcase name="validateFormSubmissionWithEmptyDetails" time="29.913" classname="com.testCases.Test_3_ValidateSubmittingApllicationWithoutFillingMandatoryDetails"/>
</testsuite> <!-- com.testCases.Test_3_ValidateSubmittingApllicationWithoutFillingMandatoryDetails -->
