<?xml version="1.0" encoding="UTF-8"?>
<!-- Generated by org.testng.reporters.JUnitReportReporter -->
<testsuite skipped="0" hostname="madhurim-w10lt" name="com.testCases.Test_4_ValidateOnlyValidEmailAndPhoneIsAccepted" tests="1" failures="0" timestamp="02 Sep 2022 14:29:30 GMT" time="114.752" errors="0">
  <testcase name="validateEmailAndPhone" time="114.752" classname="com.testCases.Test_4_ValidateOnlyValidEmailAndPhoneIsAccepted"/>
</testsuite> <!-- com.testCases.Test_4_ValidateOnlyValidEmailAndPhoneIsAccepted -->
